{"total": {"lines":{"total":215,"covered":207,"skipped":0,"pct":96.27},"statements":{"total":222,"covered":214,"skipped":0,"pct":96.39},"functions":{"total":41,"covered":40,"skipped":0,"pct":97.56},"branches":{"total":118,"covered":107,"skipped":0,"pct":90.67},"branchesTrue":{"total":0,"covered":0,"skipped":0,"pct":100}}
,"/home/runner/work/vscode-shadcn-svelte/vscode-shadcn-svelte/src/completion-provider/constants.ts": {"lines":{"total":7,"covered":7,"skipped":0,"pct":100},"functions":{"total":0,"covered":0,"skipped":0,"pct":100},"statements":{"total":7,"covered":7,"skipped":0,"pct":100},"branches":{"total":0,"covered":0,"skipped":0,"pct":100}}
,"/home/runner/work/vscode-shadcn-svelte/vscode-shadcn-svelte/src/completion-provider/document-config.ts": {"lines":{"total":43,"covered":41,"skipped":0,"pct":95.34},"functions":{"total":7,"covered":6,"skipped":0,"pct":85.71},"statements":{"total":44,"covered":42,"skipped":0,"pct":95.45},"branches":{"total":26,"covered":24,"skipped":0,"pct":92.3}}
,"/home/runner/work/vscode-shadcn-svelte/vscode-shadcn-svelte/src/completion-provider/snippets.ts": {"lines":{"total":107,"covered":103,"skipped":0,"pct":96.26},"functions":{"total":26,"covered":26,"skipped":0,"pct":100},"statements":{"total":113,"covered":109,"skipped":0,"pct":96.46},"branches":{"total":62,"covered":56,"skipped":0,"pct":90.32}}
,"/home/runner/work/vscode-shadcn-svelte/vscode-shadcn-svelte/src/utils/getProjectDeps.ts": {"lines":{"total":13,"covered":13,"skipped":0,"pct":100},"functions":{"total":3,"covered":3,"skipped":0,"pct":100},"statements":{"total":13,"covered":13,"skipped":0,"pct":100},"branches":{"total":4,"covered":3,"skipped":0,"pct":75}}
,"/home/runner/work/vscode-shadcn-svelte/vscode-shadcn-svelte/src/utils/index.ts": {"lines":{"total":5,"covered":5,"skipped":0,"pct":100},"functions":{"total":1,"covered":1,"skipped":0,"pct":100},"statements":{"total":5,"covered":5,"skipped":0,"pct":100},"branches":{"total":0,"covered":0,"skipped":0,"pct":100}}
,"/home/runner/work/vscode-shadcn-svelte/vscode-shadcn-svelte/src/utils/registry.ts": {"lines":{"total":40,"covered":38,"skipped":0,"pct":95},"functions":{"total":4,"covered":4,"skipped":0,"pct":100},"statements":{"total":40,"covered":38,"skipped":0,"pct":95},"branches":{"total":26,"covered":24,"skipped":0,"pct":92.3}}
}
